<?xml version="1.0" encoding="UTF-8"?>
<!-- Generated by org.testng.reporters.JUnitReportReporter -->
<testsuite hostname="DESKTOP-Q6JHUQB" failures="0" tests="1" name="RegisterTest" time="10.366" errors="0" timestamp="2023-04-12T18:34:26 EDT" skipped="0">
  <testcase classname="RegisterTest" name="visitGoogleWebsite" time="10.366"/>
  <system-out/>
</testsuite> <!-- RegisterTest -->
